0 info it worked if it ends with ok
1 verbose cli [ '/usr/local/bin/node',
1 verbose cli   '/usr/local/bin/npm',
1 verbose cli   'run',
1 verbose cli   'linter',
1 verbose cli   'jasmine.json' ]
2 info using npm@3.10.8
3 info using node@v6.9.1
4 verbose run-script [ 'prelinter', 'linter', 'postlinter' ]
5 info lifecycle travel-planner@1.0.0~prelinter: travel-planner@1.0.0
6 silly lifecycle travel-planner@1.0.0~prelinter: no script for prelinter, continuing
7 info lifecycle travel-planner@1.0.0~linter: travel-planner@1.0.0
8 verbose lifecycle travel-planner@1.0.0~linter: unsafe-perm in lifecycle true
9 verbose lifecycle travel-planner@1.0.0~linter: PATH: /usr/local/lib/node_modules/npm/bin/node-gyp-bin:/Users/Codename007/Travel-Planner/node_modules/.bin:/usr/local/bin:/usr/bin:/bin:/usr/sbin:/sbin
10 verbose lifecycle travel-planner@1.0.0~linter: CWD: /Users/Codename007/Travel-Planner
11 silly lifecycle travel-planner@1.0.0~linter: Args: [ '-c', 'eslint  "jasmine.json"' ]
12 silly lifecycle travel-planner@1.0.0~linter: Returned: code: 1  signal: null
13 info lifecycle travel-planner@1.0.0~linter: Failed to exec linter script
14 verbose stack Error: travel-planner@1.0.0 linter: `eslint  "jasmine.json"`
14 verbose stack Exit status 1
14 verbose stack     at EventEmitter.<anonymous> (/usr/local/lib/node_modules/npm/lib/utils/lifecycle.js:255:16)
14 verbose stack     at emitTwo (events.js:106:13)
14 verbose stack     at EventEmitter.emit (events.js:191:7)
14 verbose stack     at ChildProcess.<anonymous> (/usr/local/lib/node_modules/npm/lib/utils/spawn.js:40:14)
14 verbose stack     at emitTwo (events.js:106:13)
14 verbose stack     at ChildProcess.emit (events.js:191:7)
14 verbose stack     at maybeClose (internal/child_process.js:877:16)
14 verbose stack     at Process.ChildProcess._handle.onexit (internal/child_process.js:226:5)
15 verbose pkgid travel-planner@1.0.0
16 verbose cwd /Users/Codename007/Travel-Planner
17 error Darwin 16.1.0
18 error argv "/usr/local/bin/node" "/usr/local/bin/npm" "run" "linter" "jasmine.json"
19 error node v6.9.1
20 error npm  v3.10.8
21 error code ELIFECYCLE
22 error travel-planner@1.0.0 linter: `eslint  "jasmine.json"`
22 error Exit status 1
23 error Failed at the travel-planner@1.0.0 linter script 'eslint  "jasmine.json"'.
23 error Make sure you have the latest version of node.js and npm installed.
23 error If you do, this is most likely a problem with the travel-planner package,
23 error not with npm itself.
23 error Tell the author that this fails on your system:
23 error     eslint  "jasmine.json"
23 error You can get information on how to open an issue for this project with:
23 error     npm bugs travel-planner
23 error Or if that isn't available, you can get their info via:
23 error     npm owner ls travel-planner
23 error There is likely additional logging output above.
24 verbose exit [ 1, true ]
